<?xml version="1.0" encoding="UTF-8"?>
<testsuite name="com.gildedrose.GildedRoseTest" tests="19" skipped="0" failures="0" errors="0" timestamp="2022-09-30T12:07:03" hostname="mathieu-Swift-SF314-56" time="0.056">
  <properties/>
  <testcase name="test aged brie item for quality augmentation if at max quality" classname="com.gildedrose.GildedRoseTest" time="0.016"/>
  <testcase name="test lambda item for quality reduction sellin past" classname="com.gildedrose.GildedRoseTest" time="0.0"/>
  <testcase name="Test that the name is unchanged" classname="com.gildedrose.GildedRoseTest" time="0.001"/>
  <testcase name="test Backstage passes to a TAFKAL80ETC concert item for quality augmentation 5 day before at max" classname="com.gildedrose.GildedRoseTest" time="0.0"/>
  <testcase name="test sulfuras item for quality sellin negative" classname="com.gildedrose.GildedRoseTest" time="0.0"/>
  <testcase name="test Backstage passes to a TAFKAL80ETC concert item for quality augmentation 15 day before" classname="com.gildedrose.GildedRoseTest" time="0.001"/>
  <testcase name="test lambda item for quality reduction" classname="com.gildedrose.GildedRoseTest" time="0.001"/>
  <testcase name="test Backstage passes to a TAFKAL80ETC concert item for quality augmentation 6 day before" classname="com.gildedrose.GildedRoseTest" time="0.0"/>
  <testcase name="test lambda item for quality reduction sellin past" classname="com.gildedrose.GildedRoseTest" time="0.001"/>
  <testcase name="test Backstage passes to a TAFKAL80ETC concert item for quality after the concert" classname="com.gildedrose.GildedRoseTest" time="0.0"/>
  <testcase name="test Backstage passes to a TAFKAL80ETC concert item for quality augmentation 5 day before" classname="com.gildedrose.GildedRoseTest" time="0.0"/>
  <testcase name="test aged brie item for quality augmentation over sellin" classname="com.gildedrose.GildedRoseTest" time="0.0"/>
  <testcase name="Test that the name is unchanged" classname="com.gildedrose.GildedRoseTest" time="0.011"/>
  <testcase name="test Backstage passes to a TAFKAL80ETC concert item for quality augmentation 11 day before" classname="com.gildedrose.GildedRoseTest" time="0.0"/>
  <testcase name="test aged brie item for quality augmentation over sellin but at max quality" classname="com.gildedrose.GildedRoseTest" time="0.001"/>
  <testcase name="test Backstage passes to a TAFKAL80ETC concert item for quality augmentation 10 day before" classname="com.gildedrose.GildedRoseTest" time="0.001"/>
  <testcase name="test Backstage passes to a TAFKAL80ETC concert item for quality augmentation 10 day before" classname="com.gildedrose.GildedRoseTest" time="0.001"/>
  <testcase name="test aged brie item for quality augmentation" classname="com.gildedrose.GildedRoseTest" time="0.0"/>
  <testcase name="test sulfuras item for quality" classname="com.gildedrose.GildedRoseTest" time="0.0"/>
  <system-out><![CDATA[]]></system-out>
  <system-err><![CDATA[]]></system-err>
</testsuite>
